==============================================
Release Command Center :: gopher
Window: sprint-24
==============================================
Health
  Readiness  [#########---------------] 38% (8/21 points)
  Cards      total=5, todo=1, doing=2, done=2
  Open Load  13 points | velocity=8 points/sprint | eta=2 sprint(s)
  Team Focus Noah(p5), Jules(p3), Sam(p5)
  Velocity Hint: adaptive

Board
TODO (1)
  - #4 p3 [go] CLI polish for dev:hx owner:Jules tags:go-devex
DOING (2)
  - #3 p5 [go] Wire release artifacts owner:Noah tags:go-ci|go-release
  - #5 p5 [go] Interactive tui_todo demo owner:Sam tags:go-examples|go-release
DONE (2)
  - #1 p3 [go] Ship profile docs owner:Alex tags:go-docs|go-profiles
  - #2 p5 [go] Backfill regression snapshots owner:Mira tags:go-tests

Risk Radar
  High-Risk Open (>= p5): 2
  Release-Tagged Open: 2
  Profile Signal: interop_lane=typed,total_points=21,parallel_streams=3,release_cards=2

Decision
  ship high-risk open cards first
